# JRE version: OpenJDK Runtime Environment Temurin-17.0.13+11 (17.0.13+11) (build 17.0.13+11)
# Java VM: OpenJDK 64-Bit Server VM Temurin-17.0.13+11 (17.0.13+11, mixed mode, tiered, compressed oops, compressed class ptrs, parallel gc, windows-amd64)
GC Precious Log:
 CPUs: 8 total, 8 available
 Memory: 16144M
 Large Page Support: Disabled
 NUMA Support: Disabled
 Compressed Oops: Enabled (32-bit)
 Alignments: Space 512K, Generation 512K, Heap 2M
 Heap Min Capacity: 100M
 Heap Initial Capacity: 100M
 Heap Max Capacity: 1G
 Pre-touch: Disabled
 Parallel Workers: 8
Heap:
 PSYoungGen      total 47104K, used 46991K [0x00000000eab00000, 0x00000000ee000000, 0x0000000100000000)
  eden space 43008K, 100% used [0x00000000eab00000,0x00000000ed500000,0x00000000ed500000)
  from space 4096K, 97% used [0x00000000edc00000,0x00000000edfe3cc0,0x00000000ee000000)
  to   space 5632K, 0% used [0x00000000ed500000,0x00000000ed500000,0x00000000eda80000)
 ParOldGen       total 159744K, used 158059K [0x00000000c0000000, 0x00000000c9c00000, 0x00000000eab00000)
  object space 159744K, 98% used [0x00000000c0000000,0x00000000c9a5ac28,0x00000000c9c00000)
 Metaspace       used 73170K, committed 74560K, reserved 1179648K
  class space    used 7629K, committed 8256K, reserved 1048576K
GC Heap History (20 events):
Event: 16.420 GC heap after
{Heap after GC invocations=188 (full 9):
 PSYoungGen      total 40960K, used 4780K [0x00000000eab00000, 0x00000000eda80000, 0x0000000100000000)
  eden space 35840K, 0% used [0x00000000eab00000,0x00000000eab00000,0x00000000ece00000)
  from space 5120K, 93% used [0x00000000ece00000,0x00000000ed2ab000,0x00000000ed300000)
  to   space 5120K, 0% used [0x00000000ed580000,0x00000000ed580000,0x00000000eda80000)
 ParOldGen       total 159744K, used 141643K [0x00000000c0000000, 0x00000000c9c00000, 0x00000000eab00000)
  object space 159744K, 88% used [0x00000000c0000000,0x00000000c8a52e90,0x00000000c9c00000)
 Metaspace       used 72892K, committed 74304K, reserved 1179648K
  class space    used 7612K, committed 8256K, reserved 1048576K
}
Event: 16.490 GC heap before
{Heap before GC invocations=189 (full 9):
 PSYoungGen      total 40960K, used 40620K [0x00000000eab00000, 0x00000000eda80000, 0x0000000100000000)
  eden space 35840K, 100% used [0x00000000eab00000,0x00000000ece00000,0x00000000ece00000)
  from space 5120K, 93% used [0x00000000ece00000,0x00000000ed2ab000,0x00000000ed300000)
  to   space 5120K, 0% used [0x00000000ed580000,0x00000000ed580000,0x00000000eda80000)
 ParOldGen       total 159744K, used 141643K [0x00000000c0000000, 0x00000000c9c00000, 0x00000000eab00000)
  object space 159744K, 88% used [0x00000000c0000000,0x00000000c8a52e90,0x00000000c9c00000)
 Metaspace       used 72892K, committed 74304K, reserved 1179648K
  class space    used 7612K, committed 8256K, reserved 1048576K
}
Event: 16.495 GC heap after
{Heap after GC invocations=189 (full 9):
 PSYoungGen      total 40960K, used 5089K [0x00000000eab00000, 0x00000000edf80000, 0x0000000100000000)
  eden space 35840K, 0% used [0x00000000eab00000,0x00000000eab00000,0x00000000ece00000)
  from space 5120K, 99% used [0x00000000ed580000,0x00000000eda78740,0x00000000eda80000)
  to   space 7680K, 0% used [0x00000000ece00000,0x00000000ece00000,0x00000000ed580000)
 ParOldGen       total 159744K, used 143746K [0x00000000c0000000, 0x00000000c9c00000, 0x00000000eab00000)
  object space 159744K, 89% used [0x00000000c0000000,0x00000000c8c60848,0x00000000c9c00000)
 Metaspace       used 72892K, committed 74304K, reserved 1179648K
  class space    used 7612K, committed 8256K, reserved 1048576K
}
Event: 16.529 GC heap before
{Heap before GC invocations=190 (full 9):
 PSYoungGen      total 40960K, used 40929K [0x00000000eab00000, 0x00000000edf80000, 0x0000000100000000)
  eden space 35840K, 100% used [0x00000000eab00000,0x00000000ece00000,0x00000000ece00000)
  from space 5120K, 99% used [0x00000000ed580000,0x00000000eda78740,0x00000000eda80000)
  to   space 7680K, 0% used [0x00000000ece00000,0x00000000ece00000,0x00000000ed580000)
 ParOldGen       total 159744K, used 143746K [0x00000000c0000000, 0x00000000c9c00000, 0x00000000eab00000)
  object space 159744K, 89% used [0x00000000c0000000,0x00000000c8c60848,0x00000000c9c00000)
 Metaspace       used 72893K, committed 74304K, reserved 1179648K
  class space    used 7612K, committed 8256K, reserved 1048576K
}
Event: 16.535 GC heap after
{Heap after GC invocations=190 (full 9):
 PSYoungGen      total 43520K, used 5595K [0x00000000eab00000, 0x00000000edd80000, 0x0000000100000000)
  eden space 35840K, 0% used [0x00000000eab00000,0x00000000eab00000,0x00000000ece00000)
  from space 7680K, 72% used [0x00000000ece00000,0x00000000ed376fe0,0x00000000ed580000)
  to   space 6656K, 0% used [0x00000000ed700000,0x00000000ed700000,0x00000000edd80000)
 ParOldGen       total 159744K, used 144840K [0x00000000c0000000, 0x00000000c9c00000, 0x00000000eab00000)
  object space 159744K, 90% used [0x00000000c0000000,0x00000000c8d72100,0x00000000c9c00000)
 Metaspace       used 72893K, committed 74304K, reserved 1179648K
  class space    used 7612K, committed 8256K, reserved 1048576K
}
Event: 16.620 GC heap before
{Heap before GC invocations=191 (full 9):
 PSYoungGen      total 43520K, used 41435K [0x00000000eab00000, 0x00000000edd80000, 0x0000000100000000)
  eden space 35840K, 100% used [0x00000000eab00000,0x00000000ece00000,0x00000000ece00000)
  from space 7680K, 72% used [0x00000000ece00000,0x00000000ed376fe0,0x00000000ed580000)
  to   space 6656K, 0% used [0x00000000ed700000,0x00000000ed700000,0x00000000edd80000)
 ParOldGen       total 159744K, used 144840K [0x00000000c0000000, 0x00000000c9c00000, 0x00000000eab00000)
  object space 159744K, 90% used [0x00000000c0000000,0x00000000c8d72100,0x00000000c9c00000)
 Metaspace       used 72976K, committed 74368K, reserved 1179648K
  class space    used 7622K, committed 8256K, reserved 1048576K
}
Event: 16.626 GC heap after
{Heap after GC invocations=191 (full 9):
 PSYoungGen      total 43520K, used 6643K [0x00000000eab00000, 0x00000000ee080000, 0x0000000100000000)
  eden space 36864K, 0% used [0x00000000eab00000,0x00000000eab00000,0x00000000ecf00000)
  from space 6656K, 99% used [0x00000000ed700000,0x00000000edd7cfb8,0x00000000edd80000)
  to   space 8192K, 0% used [0x00000000ecf00000,0x00000000ecf00000,0x00000000ed700000)
 ParOldGen       total 159744K, used 145859K [0x00000000c0000000, 0x00000000c9c00000, 0x00000000eab00000)
  object space 159744K, 91% used [0x00000000c0000000,0x00000000c8e70d30,0x00000000c9c00000)
 Metaspace       used 72976K, committed 74368K, reserved 1179648K
  class space    used 7622K, committed 8256K, reserved 1048576K
}
Event: 16.678 GC heap before
{Heap before GC invocations=192 (full 9):
 PSYoungGen      total 43520K, used 43507K [0x00000000eab00000, 0x00000000ee080000, 0x0000000100000000)
  eden space 36864K, 100% used [0x00000000eab00000,0x00000000ecf00000,0x00000000ecf00000)
  from space 6656K, 99% used [0x00000000ed700000,0x00000000edd7cfb8,0x00000000edd80000)
  to   space 8192K, 0% used [0x00000000ecf00000,0x00000000ecf00000,0x00000000ed700000)
 ParOldGen       total 159744K, used 145859K [0x00000000c0000000, 0x00000000c9c00000, 0x00000000eab00000)
  object space 159744K, 91% used [0x00000000c0000000,0x00000000c8e70d30,0x00000000c9c00000)
 Metaspace       used 73122K, committed 74560K, reserved 1179648K
  class space    used 7629K, committed 8256K, reserved 1048576K
}
Event: 16.685 GC heap after
{Heap after GC invocations=192 (full 9):
 PSYoungGen      total 45056K, used 5768K [0x00000000eab00000, 0x00000000edf00000, 0x0000000100000000)
  eden space 36864K, 0% used [0x00000000eab00000,0x00000000eab00000,0x00000000ecf00000)
  from space 8192K, 70% used [0x00000000ecf00000,0x00000000ed4a2380,0x00000000ed700000)
  to   space 6656K, 0% used [0x00000000ed880000,0x00000000ed880000,0x00000000edf00000)
 ParOldGen       total 159744K, used 148830K [0x00000000c0000000, 0x00000000c9c00000, 0x00000000eab00000)
  object space 159744K, 93% used [0x00000000c0000000,0x00000000c9157ab8,0x00000000c9c00000)
 Metaspace       used 73122K, committed 74560K, reserved 1179648K
  class space    used 7629K, committed 8256K, reserved 1048576K
}
Event: 16.741 GC heap before
{Heap before GC invocations=193 (full 9):
 PSYoungGen      total 45056K, used 42632K [0x00000000eab00000, 0x00000000edf00000, 0x0000000100000000)
  eden space 36864K, 100% used [0x00000000eab00000,0x00000000ecf00000,0x00000000ecf00000)
  from space 8192K, 70% used [0x00000000ecf00000,0x00000000ed4a2380,0x00000000ed700000)
  to   space 6656K, 0% used [0x00000000ed880000,0x00000000ed880000,0x00000000edf00000)
 ParOldGen       total 159744K, used 148830K [0x00000000c0000000, 0x00000000c9c00000, 0x00000000eab00000)
  object space 159744K, 93% used [0x00000000c0000000,0x00000000c9157ab8,0x00000000c9c00000)
 Metaspace       used 73138K, committed 74560K, reserved 1179648K
  class space    used 7629K, committed 8256K, reserved 1048576K
}
Event: 16.747 GC heap after
{Heap after GC invocations=193 (full 9):
 PSYoungGen      total 42496K, used 6630K [0x00000000eab00000, 0x00000000ee700000, 0x0000000100000000)
  eden space 35840K, 0% used [0x00000000eab00000,0x00000000eab00000,0x00000000ece00000)
  from space 6656K, 99% used [0x00000000ed880000,0x00000000edef99e0,0x00000000edf00000)
  to   space 10752K, 0% used [0x00000000ece00000,0x00000000ece00000,0x00000000ed880000)
 ParOldGen       total 159744K, used 151778K [0x00000000c0000000, 0x00000000c9c00000, 0x00000000eab00000)
  object space 159744K, 95% used [0x00000000c0000000,0x00000000c9438a20,0x00000000c9c00000)
 Metaspace       used 73138K, committed 74560K, reserved 1179648K
  class space    used 7629K, committed 8256K, reserved 1048576K
}
Event: 16.785 GC heap before
{Heap before GC invocations=194 (full 9):
 PSYoungGen      total 42496K, used 42470K [0x00000000eab00000, 0x00000000ee700000, 0x0000000100000000)
  eden space 35840K, 100% used [0x00000000eab00000,0x00000000ece00000,0x00000000ece00000)
  from space 6656K, 99% used [0x00000000ed880000,0x00000000edef99e0,0x00000000edf00000)
  to   space 10752K, 0% used [0x00000000ece00000,0x00000000ece00000,0x00000000ed880000)
 ParOldGen       total 159744K, used 151778K [0x00000000c0000000, 0x00000000c9c00000, 0x00000000eab00000)
  object space 159744K, 95% used [0x00000000c0000000,0x00000000c9438a20,0x00000000c9c00000)
 Metaspace       used 73138K, committed 74560K, reserved 1179648K
  class space    used 7629K, committed 8256K, reserved 1048576K
}
Event: 16.792 GC heap after
{Heap after GC invocations=194 (full 9):
 PSYoungGen      total 41472K, used 5593K [0x00000000eab00000, 0x00000000edf00000, 0x0000000100000000)
  eden space 35840K, 0% used [0x00000000eab00000,0x00000000eab00000,0x00000000ece00000)
  from space 5632K, 99% used [0x00000000ece00000,0x00000000ed376468,0x00000000ed380000)
  to   space 7168K, 0% used [0x00000000ed800000,0x00000000ed800000,0x00000000edf00000)
 ParOldGen       total 159744K, used 153930K [0x00000000c0000000, 0x00000000c9c00000, 0x00000000eab00000)
  object space 159744K, 96% used [0x00000000c0000000,0x00000000c9652a58,0x00000000c9c00000)
 Metaspace       used 73138K, committed 74560K, reserved 1179648K
  class space    used 7629K, committed 8256K, reserved 1048576K
}
Event: 16.832 GC heap before
{Heap before GC invocations=195 (full 9):
 PSYoungGen      total 41472K, used 41433K [0x00000000eab00000, 0x00000000edf00000, 0x0000000100000000)
  eden space 35840K, 100% used [0x00000000eab00000,0x00000000ece00000,0x00000000ece00000)
  from space 5632K, 99% used [0x00000000ece00000,0x00000000ed376468,0x00000000ed380000)
  to   space 7168K, 0% used [0x00000000ed800000,0x00000000ed800000,0x00000000edf00000)
 ParOldGen       total 159744K, used 153930K [0x00000000c0000000, 0x00000000c9c00000, 0x00000000eab00000)
  object space 159744K, 96% used [0x00000000c0000000,0x00000000c9652a58,0x00000000c9c00000)
 Metaspace       used 73139K, committed 74560K, reserved 1179648K
  class space    used 7629K, committed 8256K, reserved 1048576K
}
Event: 16.837 GC heap after
{Heap after GC invocations=195 (full 9):
 PSYoungGen      total 45568K, used 6336K [0x00000000eab00000, 0x00000000ede80000, 0x0000000100000000)
  eden space 38912K, 0% used [0x00000000eab00000,0x00000000eab00000,0x00000000ed100000)
  from space 6656K, 95% used [0x00000000ed800000,0x00000000ede302f8,0x00000000ede80000)
  to   space 6656K, 0% used [0x00000000ed180000,0x00000000ed180000,0x00000000ed800000)
 ParOldGen       total 159744K, used 153930K [0x00000000c0000000, 0x00000000c9c00000, 0x00000000eab00000)
  object space 159744K, 96% used [0x00000000c0000000,0x00000000c9652a58,0x00000000c9c00000)
 Metaspace       used 73139K, committed 74560K, reserved 1179648K
  class space    used 7629K, committed 8256K, reserved 1048576K
}
Event: 16.884 GC heap before
{Heap before GC invocations=196 (full 9):
 PSYoungGen      total 45568K, used 45248K [0x00000000eab00000, 0x00000000ede80000, 0x0000000100000000)
  eden space 38912K, 100% used [0x00000000eab00000,0x00000000ed100000,0x00000000ed100000)
  from space 6656K, 95% used [0x00000000ed800000,0x00000000ede302f8,0x00000000ede80000)
  to   space 6656K, 0% used [0x00000000ed180000,0x00000000ed180000,0x00000000ed800000)
 ParOldGen       total 159744K, used 153930K [0x00000000c0000000, 0x00000000c9c00000, 0x00000000eab00000)
  object space 159744K, 96% used [0x00000000c0000000,0x00000000c9652a58,0x00000000c9c00000)
 Metaspace       used 73143K, committed 74560K, reserved 1179648K
  class space    used 7629K, committed 8256K, reserved 1048576K
}
Event: 16.889 GC heap after
{Heap after GC invocations=196 (full 9):
 PSYoungGen      total 46080K, used 6636K [0x00000000eab00000, 0x00000000ee380000, 0x0000000100000000)
  eden space 39424K, 0% used [0x00000000eab00000,0x00000000eab00000,0x00000000ed180000)
  from space 6656K, 99% used [0x00000000ed180000,0x00000000ed7fb328,0x00000000ed800000)
  to   space 7680K, 0% used [0x00000000edc00000,0x00000000edc00000,0x00000000ee380000)
 ParOldGen       total 159744K, used 154485K [0x00000000c0000000, 0x00000000c9c00000, 0x00000000eab00000)
  object space 159744K, 96% used [0x00000000c0000000,0x00000000c96dd4d0,0x00000000c9c00000)
 Metaspace       used 73143K, committed 74560K, reserved 1179648K
  class space    used 7629K, committed 8256K, reserved 1048576K
}
Event: 16.941 GC heap before
{Heap before GC invocations=197 (full 9):
 PSYoungGen      total 46080K, used 46060K [0x00000000eab00000, 0x00000000ee380000, 0x0000000100000000)
  eden space 39424K, 100% used [0x00000000eab00000,0x00000000ed180000,0x00000000ed180000)
  from space 6656K, 99% used [0x00000000ed180000,0x00000000ed7fb328,0x00000000ed800000)
  to   space 7680K, 0% used [0x00000000edc00000,0x00000000edc00000,0x00000000ee380000)
 ParOldGen       total 159744K, used 154485K [0x00000000c0000000, 0x00000000c9c00000, 0x00000000eab00000)
  object space 159744K, 96% used [0x00000000c0000000,0x00000000c96dd4d0,0x00000000c9c00000)
 Metaspace       used 73144K, committed 74560K, reserved 1179648K
  class space    used 7629K, committed 8256K, reserved 1048576K
}
Event: 16.947 GC heap after
{Heap after GC invocations=197 (full 9):
 PSYoungGen      total 47104K, used 3983K [0x00000000eab00000, 0x00000000ee000000, 0x0000000100000000)
  eden space 43008K, 0% used [0x00000000eab00000,0x00000000eab00000,0x00000000ed500000)
  from space 4096K, 97% used [0x00000000edc00000,0x00000000edfe3cc0,0x00000000ee000000)
  to   space 5632K, 0% used [0x00000000ed500000,0x00000000ed500000,0x00000000eda80000)
 ParOldGen       total 159744K, used 158059K [0x00000000c0000000, 0x00000000c9c00000, 0x00000000eab00000)
  object space 159744K, 98% used [0x00000000c0000000,0x00000000c9a5ac28,0x00000000c9c00000)
 Metaspace       used 73144K, committed 74560K, reserved 1179648K
  class space    used 7629K, committed 8256K, reserved 1048576K
}
Event: 17.016 GC heap before
{Heap before GC invocations=198 (full 10):
 PSYoungGen      total 47104K, used 46991K [0x00000000eab00000, 0x00000000ee000000, 0x0000000100000000)
  eden space 43008K, 100% used [0x00000000eab00000,0x00000000ed500000,0x00000000ed500000)
  from space 4096K, 97% used [0x00000000edc00000,0x00000000edfe3cc0,0x00000000ee000000)
  to   space 5632K, 0% used [0x00000000ed500000,0x00000000ed500000,0x00000000eda80000)
 ParOldGen       total 159744K, used 158059K [0x00000000c0000000, 0x00000000c9c00000, 0x00000000eab00000)
  object space 159744K, 98% used [0x00000000c0000000,0x00000000c9a5ac28,0x00000000c9c00000)
 Metaspace       used 73170K, committed 74560K, reserved 1179648K
  class space    used 7629K, committed 8256K, reserved 1048576K
}

